2025-05-17 17:52:09 INFO  api.test.UserTests - *****************************Creating Users**************************************
2025-05-17 17:52:11 INFO  api.test.UserTests - *****************************Users Created Successfully**************************************
2025-05-17 17:52:12 INFO  api.test.UserTests - *****************************Get Users**************************************
2025-05-17 17:52:12 INFO  api.test.UserTests - *****************************Users Displayed**************************************
2025-05-17 17:53:32 INFO  api.test.UserTests - *****************************Creating Users**************************************
2025-05-17 17:53:35 INFO  api.test.UserTests - *****************************Users Created Successfully**************************************
2025-05-17 17:53:35 INFO  api.test.UserTests - *****************************Get Users**************************************
2025-05-17 17:53:35 INFO  api.test.UserTests - *****************************Users Displayed**************************************
2025-05-17 17:53:35 INFO  api.test.UserTests - *****************************Updating Users**************************************
2025-05-17 17:53:35 INFO  api.test.UserTests - *****************************Users updated**************************************
2025-05-17 17:53:35 INFO  api.test.UserTests - *****************************Deleting Users**************************************
2025-05-17 17:53:36 INFO  api.test.UserTests - *****************************Users deleted**************************************
2025-05-17 17:56:33 DEBUG api.test.UserTests - debugging
2025-05-17 17:56:33 INFO  api.test.UserTests - *****************************Creating Users**************************************
2025-05-17 17:56:36 INFO  api.test.UserTests - *****************************Users Created Successfully**************************************
2025-05-17 17:56:36 INFO  api.test.UserTests - *****************************Get Users**************************************
2025-05-17 17:56:36 INFO  api.test.UserTests - *****************************Users Displayed**************************************
2025-05-17 17:56:36 INFO  api.test.UserTests - *****************************Updating Users**************************************
2025-05-17 17:56:36 INFO  api.test.UserTests - *****************************Users updated**************************************
2025-05-17 17:56:36 INFO  api.test.UserTests - *****************************Deleting Users**************************************
2025-05-17 17:56:36 INFO  api.test.UserTests - *****************************Users deleted**************************************
2025-05-17 18:17:53 DEBUG api.test.UserTests2 - debugging
2025-05-17 18:17:53 INFO  api.test.UserTests2 - *****************************Creating Users**************************************
2025-05-17 18:17:56 INFO  api.test.UserTests2 - *****************************Users Created Successfully**************************************
2025-05-17 18:17:56 INFO  api.test.UserTests2 - *****************************Get Users**************************************
2025-05-17 18:17:56 INFO  api.test.UserTests2 - *****************************Users Displayed**************************************
2025-05-17 18:17:56 INFO  api.test.UserTests2 - *****************************Updating Users**************************************
2025-05-17 18:17:56 INFO  api.test.UserTests2 - *****************************Users updated**************************************
2025-05-17 18:17:56 INFO  api.test.UserTests2 - *****************************Deleting Users**************************************
2025-05-17 18:17:56 INFO  api.test.UserTests2 - *****************************Users deleted**************************************
2025-05-17 18:24:09 DEBUG api.test.UserTests - debugging
2025-05-17 18:24:09 INFO  api.test.UserTests - *****************************Creating Users**************************************
2025-05-17 18:24:12 INFO  api.test.UserTests - *****************************Users Created Successfully**************************************
2025-05-17 18:24:12 INFO  api.test.UserTests - *****************************Get Users**************************************
2025-05-17 18:24:12 INFO  api.test.UserTests - *****************************Users Displayed**************************************
2025-05-17 18:24:12 INFO  api.test.UserTests - *****************************Updating Users**************************************
2025-05-17 18:24:12 INFO  api.test.UserTests - *****************************Users updated**************************************
2025-05-17 18:24:12 INFO  api.test.UserTests - *****************************Deleting Users**************************************
2025-05-17 18:24:13 INFO  api.test.UserTests - *****************************Users deleted**************************************
2025-05-17 18:25:58 DEBUG api.test.UserTests - debugging
2025-05-17 18:25:58 INFO  api.test.UserTests - *****************************Creating Users**************************************
2025-05-17 18:26:01 INFO  api.test.UserTests - *****************************Users Created Successfully**************************************
2025-05-17 18:26:01 INFO  api.test.UserTests - *****************************Get Users**************************************
2025-05-17 18:26:01 INFO  api.test.UserTests - *****************************Users Displayed**************************************
2025-05-17 18:26:01 INFO  api.test.UserTests - *****************************Updating Users**************************************
2025-05-17 18:26:01 INFO  api.test.UserTests - *****************************Users updated**************************************
2025-05-17 18:26:01 INFO  api.test.UserTests - *****************************Deleting Users**************************************
2025-05-17 18:26:01 INFO  api.test.UserTests - *****************************Users deleted**************************************
2025-05-17 18:27:55 DEBUG api.test.UserTests2 - debugging
2025-05-17 18:27:55 INFO  api.test.UserTests2 - *****************************Creating Users**************************************
2025-05-17 18:27:58 INFO  api.test.UserTests2 - *****************************Users Created Successfully**************************************
2025-05-17 18:27:58 INFO  api.test.UserTests2 - *****************************Get Users**************************************
2025-05-17 18:27:58 INFO  api.test.UserTests2 - *****************************Users Displayed**************************************
2025-05-17 18:27:58 INFO  api.test.UserTests2 - *****************************Updating Users**************************************
2025-05-17 18:27:58 INFO  api.test.UserTests2 - *****************************Users updated**************************************
2025-05-17 18:27:58 INFO  api.test.UserTests2 - *****************************Deleting Users**************************************
2025-05-17 18:27:58 INFO  api.test.UserTests2 - *****************************Users deleted**************************************
2025-05-17 18:34:32 DEBUG api.test.UserTests2 - debugging
2025-05-17 18:34:32 INFO  api.test.UserTests2 - *****************************Creating Users**************************************
2025-05-17 18:34:36 INFO  api.test.UserTests2 - *****************************Users Created Successfully**************************************
2025-05-17 18:34:36 INFO  api.test.UserTests2 - *****************************Get Users**************************************
2025-05-17 18:34:36 INFO  api.test.UserTests2 - *****************************Users Displayed**************************************
2025-05-17 18:34:36 INFO  api.test.UserTests2 - *****************************Updating Users**************************************
2025-05-17 18:34:36 INFO  api.test.UserTests2 - *****************************Users updated**************************************
2025-05-17 18:34:36 INFO  api.test.UserTests2 - *****************************Deleting Users**************************************
2025-05-17 18:34:36 INFO  api.test.UserTests2 - *****************************Users deleted**************************************
